DEBUG:root:FileName::InitRootInode
DEBUG:root:InodeNumber::InodeNumberToInode: 0
DEBUG:root:DiskBlocks::Get: block number 4
0000000000000000000000000000000000000000000000000000000000000000000000000000000000000000000000000000000000000000000000000000000000000000000000000000000000000000000000000000000000000000000000000000000000000000000000000000000000000000000000000000000000000000
DEBUG:root:InodeNumber::InodeNumberToInode: inode_number 0 raw_block_number: 4 slice start: 0 end: 16
DEBUG:root:inode_slice: 00000000000000000000000000000000
DEBUG:root:FileName::InitRootInode: calling AllocateDataBlock
DEBUG:root:FileName::AllocateDataBlock: 
DEBUG:root:DiskBlocks::Get: block number 2
0000000000000000000000000000000000000000000000000000000000000000000000000000000000000000000000000000000000000000000000000000000000000000000000000000000000000000000000000000000000000000000000000000000000000000000000000000000000000000000000000000000000000000
DEBUG:root:DiskBLocks::Put: block number 2 len 128
0000000000000100000000000000000000000000000000000000000000000000000000000000000000000000000000000000000000000000000000000000000000000000000000000000000000000000000000000000000000000000000000000000000000000000000000000000000000000000000000000000000000000000
DEBUG:root:FileName::AllocateDataBlock: allocated 6
DEBUG:root:FileName::InitRootInode: calling InsertFilenameInodeNumber
DEBUG:root:FileName::InsertFilenameInodeNumber: ., 0
DEBUG:root:DiskBlocks::Get: block number 6
0000000000000000000000000000000000000000000000000000000000000000000000000000000000000000000000000000000000000000000000000000000000000000000000000000000000000000000000000000000000000000000000000000000000000000000000000000000000000000000000000000000000000000
DEBUG:root:FileName::InsertFilenameInodeNumber: block read 
0000000000000000000000000000000000000000000000000000000000000000000000000000000000000000000000000000000000000000000000000000000000000000000000000000000000000000000000000000000000000000000000000000000000000000000000000000000000000000000000000000000000000000
DEBUG:root:FileName::InsertFilenameInodeNumber: string_start 0, string_end 12
DEBUG:root:FileName::InsertFilenameInodeNumber: inode_start 12, inode_end 16
DEBUG:root:DiskBLocks::Put: block number 6 len 128
2e00000000000000000000000000000000000000000000000000000000000000000000000000000000000000000000000000000000000000000000000000000000000000000000000000000000000000000000000000000000000000000000000000000000000000000000000000000000000000000000000000000000000000
DEBUG:root:FileName::InsertFilenameInodeNumber: insert_to.inode.size 0
DEBUG:root:InodeNumber::StoreInode: 0
DEBUG:root:InodeNumber::StoreInode: inode_table_raw_block_number 4
DEBUG:root:DiskBlocks::Get: block number 4
0000000000000000000000000000000000000000000000000000000000000000000000000000000000000000000000000000000000000000000000000000000000000000000000000000000000000000000000000000000000000000000000000000000000000000000000000000000000000000000000000000000000000000
DEBUG:root:InodeNumber::StoreInode: inode_table_raw_block:
0000000000000000000000000000000000000000000000000000000000000000000000000000000000000000000000000000000000000000000000000000000000000000000000000000000000000000000000000000000000000000000000000000000000000000000000000000000000000000000000000000000000000000
DEBUG:root:InodeNumber::StoreInode: start: 0, end: 16
DEBUG:root:InodeNumber::StoreInode: tempblock:
0000001000020001000000060000000000000000000000000000000000000000000000000000000000000000000000000000000000000000000000000000000000000000000000000000000000000000000000000000000000000000000000000000000000000000000000000000000000000000000000000000000000000000
DEBUG:root:DiskBLocks::Put: block number 4 len 128
0000001000020001000000060000000000000000000000000000000000000000000000000000000000000000000000000000000000000000000000000000000000000000000000000000000000000000000000000000000000000000000000000000000000000000000000000000000000000000000000000000000000000000
DEBUG:root:FileName::InitRootInode: calling StoreInode
DEBUG:root:InodeNumber::StoreInode: 0
DEBUG:root:InodeNumber::StoreInode: inode_table_raw_block_number 4
DEBUG:root:DiskBlocks::Get: block number 4
0000001000020001000000060000000000000000000000000000000000000000000000000000000000000000000000000000000000000000000000000000000000000000000000000000000000000000000000000000000000000000000000000000000000000000000000000000000000000000000000000000000000000000
DEBUG:root:InodeNumber::StoreInode: inode_table_raw_block:
0000001000020001000000060000000000000000000000000000000000000000000000000000000000000000000000000000000000000000000000000000000000000000000000000000000000000000000000000000000000000000000000000000000000000000000000000000000000000000000000000000000000000000
DEBUG:root:InodeNumber::StoreInode: start: 0, end: 16
DEBUG:root:InodeNumber::StoreInode: tempblock:
0000001000020001000000060000000000000000000000000000000000000000000000000000000000000000000000000000000000000000000000000000000000000000000000000000000000000000000000000000000000000000000000000000000000000000000000000000000000000000000000000000000000000000
DEBUG:root:DiskBLocks::Put: block number 4 len 128
0000001000020001000000060000000000000000000000000000000000000000000000000000000000000000000000000000000000000000000000000000000000000000000000000000000000000000000000000000000000000000000000000000000000000000000000000000000000000000000000000000000000000000
DEBUG:root:FileOperations::Create: dir: 0, name: f1, type: 1
DEBUG:root:FileName::FindAvailableInode: 
DEBUG:root:InodeNumber::InodeNumberToInode: 0
DEBUG:root:DiskBlocks::Get: block number 4
0000001000020001000000060000000000000000000000000000000000000000000000000000000000000000000000000000000000000000000000000000000000000000000000000000000000000000000000000000000000000000000000000000000000000000000000000000000000000000000000000000000000000000
DEBUG:root:InodeNumber::InodeNumberToInode: inode_number 0 raw_block_number: 4 slice start: 0 end: 16
DEBUG:root:inode_slice: 00000010000200010000000600000000
DEBUG:root:InodeNumber::InodeNumberToInode: 1
DEBUG:root:DiskBlocks::Get: block number 4
0000001000020001000000060000000000000000000000000000000000000000000000000000000000000000000000000000000000000000000000000000000000000000000000000000000000000000000000000000000000000000000000000000000000000000000000000000000000000000000000000000000000000000
DEBUG:root:InodeNumber::InodeNumberToInode: inode_number 1 raw_block_number: 4 slice start: 16 end: 32
DEBUG:root:inode_slice: 00000000000000000000000000000000
DEBUG:root:FileName::FindAvailableInode: 1
DEBUG:root:InodeNumber::InodeNumberToInode: 0
DEBUG:root:DiskBlocks::Get: block number 4
0000001000020001000000060000000000000000000000000000000000000000000000000000000000000000000000000000000000000000000000000000000000000000000000000000000000000000000000000000000000000000000000000000000000000000000000000000000000000000000000000000000000000000
DEBUG:root:InodeNumber::InodeNumberToInode: inode_number 0 raw_block_number: 4 slice start: 0 end: 16
DEBUG:root:inode_slice: 00000010000200010000000600000000
DEBUG:root:FileName::FindAvailableFileEntry: dir: 0
DEBUG:root:InodeNumber::InodeNumberToInode: 0
DEBUG:root:DiskBlocks::Get: block number 4
0000001000020001000000060000000000000000000000000000000000000000000000000000000000000000000000000000000000000000000000000000000000000000000000000000000000000000000000000000000000000000000000000000000000000000000000000000000000000000000000000000000000000000
DEBUG:root:InodeNumber::InodeNumberToInode: inode_number 0 raw_block_number: 4 slice start: 0 end: 16
DEBUG:root:inode_slice: 00000010000200010000000600000000
DEBUG:root:FileName::FindAvailableFileEntry: 16
DEBUG:root:FileName::Lookup: f1, 0
DEBUG:root:InodeNumber::InodeNumberToInode: 0
DEBUG:root:DiskBlocks::Get: block number 4
0000001000020001000000060000000000000000000000000000000000000000000000000000000000000000000000000000000000000000000000000000000000000000000000000000000000000000000000000000000000000000000000000000000000000000000000000000000000000000000000000000000000000000
DEBUG:root:InodeNumber::InodeNumberToInode: inode_number 0 raw_block_number: 4 slice start: 0 end: 16
DEBUG:root:inode_slice: 00000010000200010000000600000000
DEBUG:root:InodeNumber::InodeNumberToBlock: 0
DEBUG:root:InodeNumber::InodeNumberToInode: 0
DEBUG:root:DiskBlocks::Get: block number 4
0000001000020001000000060000000000000000000000000000000000000000000000000000000000000000000000000000000000000000000000000000000000000000000000000000000000000000000000000000000000000000000000000000000000000000000000000000000000000000000000000000000000000000
DEBUG:root:InodeNumber::InodeNumberToInode: inode_number 0 raw_block_number: 4 slice start: 0 end: 16
DEBUG:root:inode_slice: 00000010000200010000000600000000
DEBUG:root:DiskBlocks::Get: block number 6
2e00000000000000000000000000000000000000000000000000000000000000000000000000000000000000000000000000000000000000000000000000000000000000000000000000000000000000000000000000000000000000000000000000000000000000000000000000000000000000000000000000000000000000
DEBUG:root:FileName::HelperGetFilenameString: 2e00000000000000000000000000000000000000000000000000000000000000000000000000000000000000000000000000000000000000000000000000000000000000000000000000000000000000000000000000000000000000000000000000000000000000000000000000000000000000000000000000000000000000, 0
DEBUG:root:FileName::Lookup for f1 in 0: searching string bytearray(b'.\x00\x00\x00\x00\x00\x00\x00\x00\x00\x00\x00')
DEBUG:root:FileName::Lookup: file not found: f1 in 0
DEBUG:root:FileOperations::Create: inode_position: 1, fileentry_position: 16
DEBUG:root:InodeNumber::InodeNumberToInode: 1
DEBUG:root:DiskBlocks::Get: block number 4
0000001000020001000000060000000000000000000000000000000000000000000000000000000000000000000000000000000000000000000000000000000000000000000000000000000000000000000000000000000000000000000000000000000000000000000000000000000000000000000000000000000000000000
DEBUG:root:InodeNumber::InodeNumberToInode: inode_number 1 raw_block_number: 4 slice start: 16 end: 32
DEBUG:root:inode_slice: 00000000000000000000000000000000
DEBUG:root:InodeNumber::StoreInode: 1
DEBUG:root:InodeNumber::StoreInode: inode_table_raw_block_number 4
DEBUG:root:DiskBlocks::Get: block number 4
0000001000020001000000060000000000000000000000000000000000000000000000000000000000000000000000000000000000000000000000000000000000000000000000000000000000000000000000000000000000000000000000000000000000000000000000000000000000000000000000000000000000000000
DEBUG:root:InodeNumber::StoreInode: inode_table_raw_block:
0000001000020001000000060000000000000000000000000000000000000000000000000000000000000000000000000000000000000000000000000000000000000000000000000000000000000000000000000000000000000000000000000000000000000000000000000000000000000000000000000000000000000000
DEBUG:root:InodeNumber::StoreInode: start: 16, end: 32
DEBUG:root:InodeNumber::StoreInode: tempblock:
0000001000020001000000060000000000000000000100010000000000000000000000000000000000000000000000000000000000000000000000000000000000000000000000000000000000000000000000000000000000000000000000000000000000000000000000000000000000000000000000000000000000000000
DEBUG:root:DiskBLocks::Put: block number 4 len 128
0000001000020001000000060000000000000000000100010000000000000000000000000000000000000000000000000000000000000000000000000000000000000000000000000000000000000000000000000000000000000000000000000000000000000000000000000000000000000000000000000000000000000000
DEBUG:root:FileName::InsertFilenameInodeNumber: f1, 1
DEBUG:root:DiskBlocks::Get: block number 6
2e00000000000000000000000000000000000000000000000000000000000000000000000000000000000000000000000000000000000000000000000000000000000000000000000000000000000000000000000000000000000000000000000000000000000000000000000000000000000000000000000000000000000000
DEBUG:root:FileName::InsertFilenameInodeNumber: block read 
2e00000000000000000000000000000000000000000000000000000000000000000000000000000000000000000000000000000000000000000000000000000000000000000000000000000000000000000000000000000000000000000000000000000000000000000000000000000000000000000000000000000000000000
DEBUG:root:FileName::InsertFilenameInodeNumber: string_start 16, string_end 28
DEBUG:root:FileName::InsertFilenameInodeNumber: inode_start 28, inode_end 32
DEBUG:root:DiskBLocks::Put: block number 6 len 128
2e00000000000000000000000000000066310000000000000000000000000001000000000000000000000000000000000000000000000000000000000000000000000000000000000000000000000000000000000000000000000000000000000000000000000000000000000000000000000000000000000000000000000000
DEBUG:root:FileName::InsertFilenameInodeNumber: insert_to.inode.size 16
DEBUG:root:InodeNumber::StoreInode: 0
DEBUG:root:InodeNumber::StoreInode: inode_table_raw_block_number 4
DEBUG:root:DiskBlocks::Get: block number 4
0000001000020001000000060000000000000000000100010000000000000000000000000000000000000000000000000000000000000000000000000000000000000000000000000000000000000000000000000000000000000000000000000000000000000000000000000000000000000000000000000000000000000000
DEBUG:root:InodeNumber::StoreInode: inode_table_raw_block:
0000001000020001000000060000000000000000000100010000000000000000000000000000000000000000000000000000000000000000000000000000000000000000000000000000000000000000000000000000000000000000000000000000000000000000000000000000000000000000000000000000000000000000
DEBUG:root:InodeNumber::StoreInode: start: 0, end: 16
DEBUG:root:InodeNumber::StoreInode: tempblock:
0000002000020001000000060000000000000000000100010000000000000000000000000000000000000000000000000000000000000000000000000000000000000000000000000000000000000000000000000000000000000000000000000000000000000000000000000000000000000000000000000000000000000000
DEBUG:root:DiskBLocks::Put: block number 4 len 128
0000002000020001000000060000000000000000000100010000000000000000000000000000000000000000000000000000000000000000000000000000000000000000000000000000000000000000000000000000000000000000000000000000000000000000000000000000000000000000000000000000000000000000
DEBUG:root:InodeNumber::StoreInode: 0
DEBUG:root:InodeNumber::StoreInode: inode_table_raw_block_number 4
DEBUG:root:DiskBlocks::Get: block number 4
0000002000020001000000060000000000000000000100010000000000000000000000000000000000000000000000000000000000000000000000000000000000000000000000000000000000000000000000000000000000000000000000000000000000000000000000000000000000000000000000000000000000000000
DEBUG:root:InodeNumber::StoreInode: inode_table_raw_block:
0000002000020001000000060000000000000000000100010000000000000000000000000000000000000000000000000000000000000000000000000000000000000000000000000000000000000000000000000000000000000000000000000000000000000000000000000000000000000000000000000000000000000000
DEBUG:root:InodeNumber::StoreInode: start: 0, end: 16
DEBUG:root:InodeNumber::StoreInode: tempblock:
0000002000020002000000060000000000000000000100010000000000000000000000000000000000000000000000000000000000000000000000000000000000000000000000000000000000000000000000000000000000000000000000000000000000000000000000000000000000000000000000000000000000000000
DEBUG:root:DiskBLocks::Put: block number 4 len 128
0000002000020002000000060000000000000000000100010000000000000000000000000000000000000000000000000000000000000000000000000000000000000000000000000000000000000000000000000000000000000000000000000000000000000000000000000000000000000000000000000000000000000000
DEBUG:root:FileOperations::Unlink: dir: 0, name: f1
DEBUG:root:InodeNumber::InodeNumberToInode: 0
DEBUG:root:DiskBlocks::Get: block number 4
0000002000020002000000060000000000000000000100010000000000000000000000000000000000000000000000000000000000000000000000000000000000000000000000000000000000000000000000000000000000000000000000000000000000000000000000000000000000000000000000000000000000000000
DEBUG:root:InodeNumber::InodeNumberToInode: inode_number 0 raw_block_number: 4 slice start: 0 end: 16
DEBUG:root:inode_slice: 00000020000200020000000600000000
DEBUG:root:FileName::Lookup: f1, 0
DEBUG:root:InodeNumber::InodeNumberToInode: 0
DEBUG:root:DiskBlocks::Get: block number 4
0000002000020002000000060000000000000000000100010000000000000000000000000000000000000000000000000000000000000000000000000000000000000000000000000000000000000000000000000000000000000000000000000000000000000000000000000000000000000000000000000000000000000000
DEBUG:root:InodeNumber::InodeNumberToInode: inode_number 0 raw_block_number: 4 slice start: 0 end: 16
DEBUG:root:inode_slice: 00000020000200020000000600000000
DEBUG:root:InodeNumber::InodeNumberToBlock: 0
DEBUG:root:InodeNumber::InodeNumberToInode: 0
DEBUG:root:DiskBlocks::Get: block number 4
0000002000020002000000060000000000000000000100010000000000000000000000000000000000000000000000000000000000000000000000000000000000000000000000000000000000000000000000000000000000000000000000000000000000000000000000000000000000000000000000000000000000000000
DEBUG:root:InodeNumber::InodeNumberToInode: inode_number 0 raw_block_number: 4 slice start: 0 end: 16
DEBUG:root:inode_slice: 00000020000200020000000600000000
DEBUG:root:DiskBlocks::Get: block number 6
2e00000000000000000000000000000066310000000000000000000000000001000000000000000000000000000000000000000000000000000000000000000000000000000000000000000000000000000000000000000000000000000000000000000000000000000000000000000000000000000000000000000000000000
DEBUG:root:FileName::HelperGetFilenameString: 2e00000000000000000000000000000066310000000000000000000000000001000000000000000000000000000000000000000000000000000000000000000000000000000000000000000000000000000000000000000000000000000000000000000000000000000000000000000000000000000000000000000000000000, 0
DEBUG:root:FileName::Lookup for f1 in 0: searching string bytearray(b'.\x00\x00\x00\x00\x00\x00\x00\x00\x00\x00\x00')
DEBUG:root:FileName::HelperGetFilenameString: 2e00000000000000000000000000000066310000000000000000000000000001000000000000000000000000000000000000000000000000000000000000000000000000000000000000000000000000000000000000000000000000000000000000000000000000000000000000000000000000000000000000000000000000, 1
DEBUG:root:FileName::Lookup for f1 in 0: searching string bytearray(b'f1\x00\x00\x00\x00\x00\x00\x00\x00\x00\x00')
DEBUG:root:FileName::HelperGetFilenameInodeNumber: 2e00000000000000000000000000000066310000000000000000000000000001000000000000000000000000000000000000000000000000000000000000000000000000000000000000000000000000000000000000000000000000000000000000000000000000000000000000000000000000000000000000000000000000, 1
DEBUG:root:FileName::Lookup successful: 1
DEBUG:root:InodeNumber::InodeNumberToInode: 1
DEBUG:root:DiskBlocks::Get: block number 4
0000002000020002000000060000000000000000000100010000000000000000000000000000000000000000000000000000000000000000000000000000000000000000000000000000000000000000000000000000000000000000000000000000000000000000000000000000000000000000000000000000000000000000
DEBUG:root:InodeNumber::InodeNumberToInode: inode_number 1 raw_block_number: 4 slice start: 16 end: 32
DEBUG:root:inode_slice: 00000000000100010000000000000000
DEBUG:root:DiskBlocks::Get: block number 6
2e00000000000000000000000000000066310000000000000000000000000001000000000000000000000000000000000000000000000000000000000000000000000000000000000000000000000000000000000000000000000000000000000000000000000000000000000000000000000000000000000000000000000000
DEBUG:root:FileOperations::Unlink: tempdirtable: 2e00000000000000000000000000000066310000000000000000000000000001000000000000000000000000000000000000000000000000000000000000000000000000000000000000000000000000000000000000000000000000000000000000000000000000000000000000000000000000000000000000000000000000
DEBUG:root:FileOperations::Unlink: found a match bytearray(b'f1\x00\x00\x00\x00\x00\x00\x00\x00\x00\x00')
DEBUG:root:FileOperations::Unlink: writing back block_index 0
DEBUG:root:DiskBLocks::Put: block number 6 len 112
2e000000000000000000000000000000000000000000000000000000000000000000000000000000000000000000000000000000000000000000000000000000000000000000000000000000000000000000000000000000000000000000000000000000000000000000000000000000
DEBUG:root:FileOperations::Unlink: updating dir_inode
DEBUG:root:InodeNumber::StoreInode: 0
DEBUG:root:InodeNumber::StoreInode: inode_table_raw_block_number 4
DEBUG:root:DiskBlocks::Get: block number 4
0000002000020002000000060000000000000000000100010000000000000000000000000000000000000000000000000000000000000000000000000000000000000000000000000000000000000000000000000000000000000000000000000000000000000000000000000000000000000000000000000000000000000000
DEBUG:root:InodeNumber::StoreInode: inode_table_raw_block:
0000002000020002000000060000000000000000000100010000000000000000000000000000000000000000000000000000000000000000000000000000000000000000000000000000000000000000000000000000000000000000000000000000000000000000000000000000000000000000000000000000000000000000
DEBUG:root:InodeNumber::StoreInode: start: 0, end: 16
DEBUG:root:InodeNumber::StoreInode: tempblock:
0000001000020001000000060000000000000000000100010000000000000000000000000000000000000000000000000000000000000000000000000000000000000000000000000000000000000000000000000000000000000000000000000000000000000000000000000000000000000000000000000000000000000000
DEBUG:root:DiskBLocks::Put: block number 4 len 128
0000001000020001000000060000000000000000000100010000000000000000000000000000000000000000000000000000000000000000000000000000000000000000000000000000000000000000000000000000000000000000000000000000000000000000000000000000000000000000000000000000000000000000
DEBUG:root:InodeNumber::StoreInode: 1
DEBUG:root:InodeNumber::StoreInode: inode_table_raw_block_number 4
DEBUG:root:DiskBlocks::Get: block number 4
0000001000020001000000060000000000000000000100010000000000000000000000000000000000000000000000000000000000000000000000000000000000000000000000000000000000000000000000000000000000000000000000000000000000000000000000000000000000000000000000000000000000000000
DEBUG:root:InodeNumber::StoreInode: inode_table_raw_block:
0000001000020001000000060000000000000000000100010000000000000000000000000000000000000000000000000000000000000000000000000000000000000000000000000000000000000000000000000000000000000000000000000000000000000000000000000000000000000000000000000000000000000000
DEBUG:root:InodeNumber::StoreInode: start: 16, end: 32
DEBUG:root:InodeNumber::StoreInode: tempblock:
0000001000020001000000060000000000000000000100000000000000000000000000000000000000000000000000000000000000000000000000000000000000000000000000000000000000000000000000000000000000000000000000000000000000000000000000000000000000000000000000000000000000000000
DEBUG:root:DiskBLocks::Put: block number 4 len 128
0000001000020001000000060000000000000000000100000000000000000000000000000000000000000000000000000000000000000000000000000000000000000000000000000000000000000000000000000000000000000000000000000000000000000000000000000000000000000000000000000000000000000000
DEBUG:root:FileOperations::Unlink: last reference; freeing data blocks and inode
DEBUG:root:InodeNumber::StoreInode: 1
DEBUG:root:InodeNumber::StoreInode: inode_table_raw_block_number 4
DEBUG:root:DiskBlocks::Get: block number 4
0000001000020001000000060000000000000000000100000000000000000000000000000000000000000000000000000000000000000000000000000000000000000000000000000000000000000000000000000000000000000000000000000000000000000000000000000000000000000000000000000000000000000000
DEBUG:root:InodeNumber::StoreInode: inode_table_raw_block:
0000001000020001000000060000000000000000000100000000000000000000000000000000000000000000000000000000000000000000000000000000000000000000000000000000000000000000000000000000000000000000000000000000000000000000000000000000000000000000000000000000000000000000
DEBUG:root:InodeNumber::StoreInode: start: 16, end: 32
DEBUG:root:InodeNumber::StoreInode: tempblock:
0000001000020001000000060000000000000000000000000000000000000000000000000000000000000000000000000000000000000000000000000000000000000000000000000000000000000000000000000000000000000000000000000000000000000000000000000000000000000000000000000000000000000000
DEBUG:root:DiskBLocks::Put: block number 4 len 128
0000001000020001000000060000000000000000000000000000000000000000000000000000000000000000000000000000000000000000000000000000000000000000000000000000000000000000000000000000000000000000000000000000000000000000000000000000000000000000000000000000000000000000
DEBUG:root:InodeNumber::InodeNumberToInode: 0
DEBUG:root:DiskBlocks::Get: block number 4
0000001000020001000000060000000000000000000000000000000000000000000000000000000000000000000000000000000000000000000000000000000000000000000000000000000000000000000000000000000000000000000000000000000000000000000000000000000000000000000000000000000000000000
DEBUG:root:InodeNumber::InodeNumberToInode: inode_number 0 raw_block_number: 4 slice start: 0 end: 16
DEBUG:root:inode_slice: 00000010000200010000000600000000
DEBUG:root:DiskBlocks::Get: block number 6
2e00000000000000000000000000000000000000000000000000000000000000000000000000000000000000000000000000000000000000000000000000000000000000000000000000000000000000000000000000000000000000000000000000000000000000000000000000000000000000000000000000000000000000
DEBUG:root:InodeNumber::InodeNumberToInode: 0
DEBUG:root:DiskBlocks::Get: block number 4
0000001000020001000000060000000000000000000000000000000000000000000000000000000000000000000000000000000000000000000000000000000000000000000000000000000000000000000000000000000000000000000000000000000000000000000000000000000000000000000000000000000000000000
DEBUG:root:InodeNumber::InodeNumberToInode: inode_number 0 raw_block_number: 4 slice start: 0 end: 16
DEBUG:root:inode_slice: 00000010000200010000000600000000
DEBUG:root:FileOperations::Create: dir: 0, name: f1, type: 1
DEBUG:root:FileName::FindAvailableInode: 
DEBUG:root:InodeNumber::InodeNumberToInode: 0
DEBUG:root:DiskBlocks::Get: block number 4
0000001000020001000000060000000000000000000000000000000000000000000000000000000000000000000000000000000000000000000000000000000000000000000000000000000000000000000000000000000000000000000000000000000000000000000000000000000000000000000000000000000000000000
DEBUG:root:InodeNumber::InodeNumberToInode: inode_number 0 raw_block_number: 4 slice start: 0 end: 16
DEBUG:root:inode_slice: 00000010000200010000000600000000
DEBUG:root:InodeNumber::InodeNumberToInode: 1
DEBUG:root:DiskBlocks::Get: block number 4
0000001000020001000000060000000000000000000000000000000000000000000000000000000000000000000000000000000000000000000000000000000000000000000000000000000000000000000000000000000000000000000000000000000000000000000000000000000000000000000000000000000000000000
DEBUG:root:InodeNumber::InodeNumberToInode: inode_number 1 raw_block_number: 4 slice start: 16 end: 32
DEBUG:root:inode_slice: 00000000000000000000000000000000
DEBUG:root:FileName::FindAvailableInode: 1
DEBUG:root:InodeNumber::InodeNumberToInode: 0
DEBUG:root:DiskBlocks::Get: block number 4
0000001000020001000000060000000000000000000000000000000000000000000000000000000000000000000000000000000000000000000000000000000000000000000000000000000000000000000000000000000000000000000000000000000000000000000000000000000000000000000000000000000000000000
DEBUG:root:InodeNumber::InodeNumberToInode: inode_number 0 raw_block_number: 4 slice start: 0 end: 16
DEBUG:root:inode_slice: 00000010000200010000000600000000
DEBUG:root:FileName::FindAvailableFileEntry: dir: 0
DEBUG:root:InodeNumber::InodeNumberToInode: 0
DEBUG:root:DiskBlocks::Get: block number 4
0000001000020001000000060000000000000000000000000000000000000000000000000000000000000000000000000000000000000000000000000000000000000000000000000000000000000000000000000000000000000000000000000000000000000000000000000000000000000000000000000000000000000000
DEBUG:root:InodeNumber::InodeNumberToInode: inode_number 0 raw_block_number: 4 slice start: 0 end: 16
DEBUG:root:inode_slice: 00000010000200010000000600000000
DEBUG:root:FileName::FindAvailableFileEntry: 16
DEBUG:root:FileName::Lookup: f1, 0
DEBUG:root:InodeNumber::InodeNumberToInode: 0
DEBUG:root:DiskBlocks::Get: block number 4
0000001000020001000000060000000000000000000000000000000000000000000000000000000000000000000000000000000000000000000000000000000000000000000000000000000000000000000000000000000000000000000000000000000000000000000000000000000000000000000000000000000000000000
DEBUG:root:InodeNumber::InodeNumberToInode: inode_number 0 raw_block_number: 4 slice start: 0 end: 16
DEBUG:root:inode_slice: 00000010000200010000000600000000
DEBUG:root:InodeNumber::InodeNumberToBlock: 0
DEBUG:root:InodeNumber::InodeNumberToInode: 0
DEBUG:root:DiskBlocks::Get: block number 4
0000001000020001000000060000000000000000000000000000000000000000000000000000000000000000000000000000000000000000000000000000000000000000000000000000000000000000000000000000000000000000000000000000000000000000000000000000000000000000000000000000000000000000
DEBUG:root:InodeNumber::InodeNumberToInode: inode_number 0 raw_block_number: 4 slice start: 0 end: 16
DEBUG:root:inode_slice: 00000010000200010000000600000000
DEBUG:root:DiskBlocks::Get: block number 6
2e00000000000000000000000000000000000000000000000000000000000000000000000000000000000000000000000000000000000000000000000000000000000000000000000000000000000000000000000000000000000000000000000000000000000000000000000000000000000000000000000000000000000000
DEBUG:root:FileName::HelperGetFilenameString: 2e00000000000000000000000000000000000000000000000000000000000000000000000000000000000000000000000000000000000000000000000000000000000000000000000000000000000000000000000000000000000000000000000000000000000000000000000000000000000000000000000000000000000000, 0
DEBUG:root:FileName::Lookup for f1 in 0: searching string bytearray(b'.\x00\x00\x00\x00\x00\x00\x00\x00\x00\x00\x00')
DEBUG:root:FileName::Lookup: file not found: f1 in 0
DEBUG:root:FileOperations::Create: inode_position: 1, fileentry_position: 16
DEBUG:root:InodeNumber::InodeNumberToInode: 1
DEBUG:root:DiskBlocks::Get: block number 4
0000001000020001000000060000000000000000000000000000000000000000000000000000000000000000000000000000000000000000000000000000000000000000000000000000000000000000000000000000000000000000000000000000000000000000000000000000000000000000000000000000000000000000
DEBUG:root:InodeNumber::InodeNumberToInode: inode_number 1 raw_block_number: 4 slice start: 16 end: 32
DEBUG:root:inode_slice: 00000000000000000000000000000000
DEBUG:root:InodeNumber::StoreInode: 1
DEBUG:root:InodeNumber::StoreInode: inode_table_raw_block_number 4
DEBUG:root:DiskBlocks::Get: block number 4
0000001000020001000000060000000000000000000000000000000000000000000000000000000000000000000000000000000000000000000000000000000000000000000000000000000000000000000000000000000000000000000000000000000000000000000000000000000000000000000000000000000000000000
DEBUG:root:InodeNumber::StoreInode: inode_table_raw_block:
0000001000020001000000060000000000000000000000000000000000000000000000000000000000000000000000000000000000000000000000000000000000000000000000000000000000000000000000000000000000000000000000000000000000000000000000000000000000000000000000000000000000000000
DEBUG:root:InodeNumber::StoreInode: start: 16, end: 32
DEBUG:root:InodeNumber::StoreInode: tempblock:
0000001000020001000000060000000000000000000100010000000000000000000000000000000000000000000000000000000000000000000000000000000000000000000000000000000000000000000000000000000000000000000000000000000000000000000000000000000000000000000000000000000000000000
DEBUG:root:DiskBLocks::Put: block number 4 len 128
0000001000020001000000060000000000000000000100010000000000000000000000000000000000000000000000000000000000000000000000000000000000000000000000000000000000000000000000000000000000000000000000000000000000000000000000000000000000000000000000000000000000000000
DEBUG:root:FileName::InsertFilenameInodeNumber: f1, 1
DEBUG:root:DiskBlocks::Get: block number 6
2e00000000000000000000000000000000000000000000000000000000000000000000000000000000000000000000000000000000000000000000000000000000000000000000000000000000000000000000000000000000000000000000000000000000000000000000000000000000000000000000000000000000000000
DEBUG:root:FileName::InsertFilenameInodeNumber: block read 
2e00000000000000000000000000000000000000000000000000000000000000000000000000000000000000000000000000000000000000000000000000000000000000000000000000000000000000000000000000000000000000000000000000000000000000000000000000000000000000000000000000000000000000
DEBUG:root:FileName::InsertFilenameInodeNumber: string_start 16, string_end 28
DEBUG:root:FileName::InsertFilenameInodeNumber: inode_start 28, inode_end 32
DEBUG:root:DiskBLocks::Put: block number 6 len 128
2e00000000000000000000000000000066310000000000000000000000000001000000000000000000000000000000000000000000000000000000000000000000000000000000000000000000000000000000000000000000000000000000000000000000000000000000000000000000000000000000000000000000000000
DEBUG:root:FileName::InsertFilenameInodeNumber: insert_to.inode.size 16
DEBUG:root:InodeNumber::StoreInode: 0
DEBUG:root:InodeNumber::StoreInode: inode_table_raw_block_number 4
DEBUG:root:DiskBlocks::Get: block number 4
0000001000020001000000060000000000000000000100010000000000000000000000000000000000000000000000000000000000000000000000000000000000000000000000000000000000000000000000000000000000000000000000000000000000000000000000000000000000000000000000000000000000000000
DEBUG:root:InodeNumber::StoreInode: inode_table_raw_block:
0000001000020001000000060000000000000000000100010000000000000000000000000000000000000000000000000000000000000000000000000000000000000000000000000000000000000000000000000000000000000000000000000000000000000000000000000000000000000000000000000000000000000000
DEBUG:root:InodeNumber::StoreInode: start: 0, end: 16
DEBUG:root:InodeNumber::StoreInode: tempblock:
0000002000020001000000060000000000000000000100010000000000000000000000000000000000000000000000000000000000000000000000000000000000000000000000000000000000000000000000000000000000000000000000000000000000000000000000000000000000000000000000000000000000000000
DEBUG:root:DiskBLocks::Put: block number 4 len 128
0000002000020001000000060000000000000000000100010000000000000000000000000000000000000000000000000000000000000000000000000000000000000000000000000000000000000000000000000000000000000000000000000000000000000000000000000000000000000000000000000000000000000000
DEBUG:root:InodeNumber::StoreInode: 0
DEBUG:root:InodeNumber::StoreInode: inode_table_raw_block_number 4
DEBUG:root:DiskBlocks::Get: block number 4
0000002000020001000000060000000000000000000100010000000000000000000000000000000000000000000000000000000000000000000000000000000000000000000000000000000000000000000000000000000000000000000000000000000000000000000000000000000000000000000000000000000000000000
DEBUG:root:InodeNumber::StoreInode: inode_table_raw_block:
0000002000020001000000060000000000000000000100010000000000000000000000000000000000000000000000000000000000000000000000000000000000000000000000000000000000000000000000000000000000000000000000000000000000000000000000000000000000000000000000000000000000000000
DEBUG:root:InodeNumber::StoreInode: start: 0, end: 16
DEBUG:root:InodeNumber::StoreInode: tempblock:
0000002000020002000000060000000000000000000100010000000000000000000000000000000000000000000000000000000000000000000000000000000000000000000000000000000000000000000000000000000000000000000000000000000000000000000000000000000000000000000000000000000000000000
DEBUG:root:DiskBLocks::Put: block number 4 len 128
0000002000020002000000060000000000000000000100010000000000000000000000000000000000000000000000000000000000000000000000000000000000000000000000000000000000000000000000000000000000000000000000000000000000000000000000000000000000000000000000000000000000000000
DEBUG:root:FileOperations::Softlink: dir: 0, name: f2
DEBUG:root:InodeNumber::InodeNumberToInode: 0
DEBUG:root:DiskBlocks::Get: block number 4
0000002000020002000000060000000000000000000100010000000000000000000000000000000000000000000000000000000000000000000000000000000000000000000000000000000000000000000000000000000000000000000000000000000000000000000000000000000000000000000000000000000000000000
DEBUG:root:InodeNumber::InodeNumberToInode: inode_number 0 raw_block_number: 4 slice start: 0 end: 16
DEBUG:root:inode_slice: 00000020000200020000000600000000
DEBUG:root:PathNameToInodeNumber::PathNameToInodeNumber: path: f1, cwd: 0
DEBUG:root:AbsolutePathName::GeneralPathToInodeNumber: path: f1, cwd: 0
DEBUG:root:AbsolutePathName::PathToInodeNumber: path: f1, dir: 0
DEBUG:root:FileName::Lookup: f1, 0
DEBUG:root:InodeNumber::InodeNumberToInode: 0
DEBUG:root:DiskBlocks::Get: block number 4
0000002000020002000000060000000000000000000100010000000000000000000000000000000000000000000000000000000000000000000000000000000000000000000000000000000000000000000000000000000000000000000000000000000000000000000000000000000000000000000000000000000000000000
DEBUG:root:InodeNumber::InodeNumberToInode: inode_number 0 raw_block_number: 4 slice start: 0 end: 16
DEBUG:root:inode_slice: 00000020000200020000000600000000
DEBUG:root:InodeNumber::InodeNumberToBlock: 0
DEBUG:root:InodeNumber::InodeNumberToInode: 0
DEBUG:root:DiskBlocks::Get: block number 4
0000002000020002000000060000000000000000000100010000000000000000000000000000000000000000000000000000000000000000000000000000000000000000000000000000000000000000000000000000000000000000000000000000000000000000000000000000000000000000000000000000000000000000
DEBUG:root:InodeNumber::InodeNumberToInode: inode_number 0 raw_block_number: 4 slice start: 0 end: 16
DEBUG:root:inode_slice: 00000020000200020000000600000000
DEBUG:root:DiskBlocks::Get: block number 6
2e00000000000000000000000000000066310000000000000000000000000001000000000000000000000000000000000000000000000000000000000000000000000000000000000000000000000000000000000000000000000000000000000000000000000000000000000000000000000000000000000000000000000000
DEBUG:root:FileName::HelperGetFilenameString: 2e00000000000000000000000000000066310000000000000000000000000001000000000000000000000000000000000000000000000000000000000000000000000000000000000000000000000000000000000000000000000000000000000000000000000000000000000000000000000000000000000000000000000000, 0
DEBUG:root:FileName::Lookup for f1 in 0: searching string bytearray(b'.\x00\x00\x00\x00\x00\x00\x00\x00\x00\x00\x00')
DEBUG:root:FileName::HelperGetFilenameString: 2e00000000000000000000000000000066310000000000000000000000000001000000000000000000000000000000000000000000000000000000000000000000000000000000000000000000000000000000000000000000000000000000000000000000000000000000000000000000000000000000000000000000000000, 1
DEBUG:root:FileName::Lookup for f1 in 0: searching string bytearray(b'f1\x00\x00\x00\x00\x00\x00\x00\x00\x00\x00')
DEBUG:root:FileName::HelperGetFilenameInodeNumber: 2e00000000000000000000000000000066310000000000000000000000000001000000000000000000000000000000000000000000000000000000000000000000000000000000000000000000000000000000000000000000000000000000000000000000000000000000000000000000000000000000000000000000000000, 1
DEBUG:root:FileName::Lookup successful: 1
DEBUG:root:InodeNumber::InodeNumberToInode: 1
DEBUG:root:DiskBlocks::Get: block number 4
0000002000020002000000060000000000000000000100010000000000000000000000000000000000000000000000000000000000000000000000000000000000000000000000000000000000000000000000000000000000000000000000000000000000000000000000000000000000000000000000000000000000000000
DEBUG:root:InodeNumber::InodeNumberToInode: inode_number 1 raw_block_number: 4 slice start: 16 end: 32
DEBUG:root:inode_slice: 00000000000100010000000000000000
DEBUG:root:InodeNumber::InodeNumberToInode: 1
DEBUG:root:DiskBlocks::Get: block number 4
0000002000020002000000060000000000000000000100010000000000000000000000000000000000000000000000000000000000000000000000000000000000000000000000000000000000000000000000000000000000000000000000000000000000000000000000000000000000000000000000000000000000000000
DEBUG:root:InodeNumber::InodeNumberToInode: inode_number 1 raw_block_number: 4 slice start: 16 end: 32
DEBUG:root:inode_slice: 00000000000100010000000000000000
DEBUG:root:FileName::FindAvailableFileEntry: dir: 0
DEBUG:root:InodeNumber::InodeNumberToInode: 0
DEBUG:root:DiskBlocks::Get: block number 4
0000002000020002000000060000000000000000000100010000000000000000000000000000000000000000000000000000000000000000000000000000000000000000000000000000000000000000000000000000000000000000000000000000000000000000000000000000000000000000000000000000000000000000
DEBUG:root:InodeNumber::InodeNumberToInode: inode_number 0 raw_block_number: 4 slice start: 0 end: 16
DEBUG:root:inode_slice: 00000020000200020000000600000000
DEBUG:root:FileName::FindAvailableFileEntry: 32
DEBUG:root:FileName::Lookup: f2, 0
DEBUG:root:InodeNumber::InodeNumberToInode: 0
DEBUG:root:DiskBlocks::Get: block number 4
0000002000020002000000060000000000000000000100010000000000000000000000000000000000000000000000000000000000000000000000000000000000000000000000000000000000000000000000000000000000000000000000000000000000000000000000000000000000000000000000000000000000000000
DEBUG:root:InodeNumber::InodeNumberToInode: inode_number 0 raw_block_number: 4 slice start: 0 end: 16
DEBUG:root:inode_slice: 00000020000200020000000600000000
DEBUG:root:InodeNumber::InodeNumberToBlock: 0
DEBUG:root:InodeNumber::InodeNumberToInode: 0
DEBUG:root:DiskBlocks::Get: block number 4
0000002000020002000000060000000000000000000100010000000000000000000000000000000000000000000000000000000000000000000000000000000000000000000000000000000000000000000000000000000000000000000000000000000000000000000000000000000000000000000000000000000000000000
DEBUG:root:InodeNumber::InodeNumberToInode: inode_number 0 raw_block_number: 4 slice start: 0 end: 16
DEBUG:root:inode_slice: 00000020000200020000000600000000
DEBUG:root:DiskBlocks::Get: block number 6
2e00000000000000000000000000000066310000000000000000000000000001000000000000000000000000000000000000000000000000000000000000000000000000000000000000000000000000000000000000000000000000000000000000000000000000000000000000000000000000000000000000000000000000
DEBUG:root:FileName::HelperGetFilenameString: 2e00000000000000000000000000000066310000000000000000000000000001000000000000000000000000000000000000000000000000000000000000000000000000000000000000000000000000000000000000000000000000000000000000000000000000000000000000000000000000000000000000000000000000, 0
DEBUG:root:FileName::Lookup for f2 in 0: searching string bytearray(b'.\x00\x00\x00\x00\x00\x00\x00\x00\x00\x00\x00')
DEBUG:root:FileName::HelperGetFilenameString: 2e00000000000000000000000000000066310000000000000000000000000001000000000000000000000000000000000000000000000000000000000000000000000000000000000000000000000000000000000000000000000000000000000000000000000000000000000000000000000000000000000000000000000000, 1
DEBUG:root:FileName::Lookup for f2 in 0: searching string bytearray(b'f1\x00\x00\x00\x00\x00\x00\x00\x00\x00\x00')
DEBUG:root:FileName::Lookup: file not found: f2 in 0
DEBUG:root:FileName::FindAvailableInode: 
DEBUG:root:InodeNumber::InodeNumberToInode: 0
DEBUG:root:DiskBlocks::Get: block number 4
0000002000020002000000060000000000000000000100010000000000000000000000000000000000000000000000000000000000000000000000000000000000000000000000000000000000000000000000000000000000000000000000000000000000000000000000000000000000000000000000000000000000000000
DEBUG:root:InodeNumber::InodeNumberToInode: inode_number 0 raw_block_number: 4 slice start: 0 end: 16
DEBUG:root:inode_slice: 00000020000200020000000600000000
DEBUG:root:InodeNumber::InodeNumberToInode: 1
DEBUG:root:DiskBlocks::Get: block number 4
0000002000020002000000060000000000000000000100010000000000000000000000000000000000000000000000000000000000000000000000000000000000000000000000000000000000000000000000000000000000000000000000000000000000000000000000000000000000000000000000000000000000000000
DEBUG:root:InodeNumber::InodeNumberToInode: inode_number 1 raw_block_number: 4 slice start: 16 end: 32
DEBUG:root:inode_slice: 00000000000100010000000000000000
DEBUG:root:InodeNumber::InodeNumberToInode: 2
DEBUG:root:DiskBlocks::Get: block number 4
0000002000020002000000060000000000000000000100010000000000000000000000000000000000000000000000000000000000000000000000000000000000000000000000000000000000000000000000000000000000000000000000000000000000000000000000000000000000000000000000000000000000000000
DEBUG:root:InodeNumber::InodeNumberToInode: inode_number 2 raw_block_number: 4 slice start: 32 end: 48
DEBUG:root:inode_slice: 00000000000000000000000000000000
DEBUG:root:FileName::FindAvailableInode: 2
DEBUG:root:FileName::FindAvailableInode: 
DEBUG:root:InodeNumber::InodeNumberToInode: 0
DEBUG:root:DiskBlocks::Get: block number 4
0000002000020002000000060000000000000000000100010000000000000000000000000000000000000000000000000000000000000000000000000000000000000000000000000000000000000000000000000000000000000000000000000000000000000000000000000000000000000000000000000000000000000000
DEBUG:root:InodeNumber::InodeNumberToInode: inode_number 0 raw_block_number: 4 slice start: 0 end: 16
DEBUG:root:inode_slice: 00000020000200020000000600000000
DEBUG:root:InodeNumber::InodeNumberToInode: 1
DEBUG:root:DiskBlocks::Get: block number 4
0000002000020002000000060000000000000000000100010000000000000000000000000000000000000000000000000000000000000000000000000000000000000000000000000000000000000000000000000000000000000000000000000000000000000000000000000000000000000000000000000000000000000000
DEBUG:root:InodeNumber::InodeNumberToInode: inode_number 1 raw_block_number: 4 slice start: 16 end: 32
DEBUG:root:inode_slice: 00000000000100010000000000000000
DEBUG:root:InodeNumber::InodeNumberToInode: 2
DEBUG:root:DiskBlocks::Get: block number 4
0000002000020002000000060000000000000000000100010000000000000000000000000000000000000000000000000000000000000000000000000000000000000000000000000000000000000000000000000000000000000000000000000000000000000000000000000000000000000000000000000000000000000000
DEBUG:root:InodeNumber::InodeNumberToInode: inode_number 2 raw_block_number: 4 slice start: 32 end: 48
DEBUG:root:inode_slice: 00000000000000000000000000000000
DEBUG:root:FileName::FindAvailableInode: 2
DEBUG:root:InodeNumber::InodeNumberToInode: 1
DEBUG:root:DiskBlocks::Get: block number 4
0000002000020002000000060000000000000000000100010000000000000000000000000000000000000000000000000000000000000000000000000000000000000000000000000000000000000000000000000000000000000000000000000000000000000000000000000000000000000000000000000000000000000000
DEBUG:root:InodeNumber::InodeNumberToInode: inode_number 1 raw_block_number: 4 slice start: 16 end: 32
DEBUG:root:inode_slice: 00000000000100010000000000000000
DEBUG:root:InodeNumber::InodeNumberToInode: 2
DEBUG:root:DiskBlocks::Get: block number 4
0000002000020002000000060000000000000000000100010000000000000000000000000000000000000000000000000000000000000000000000000000000000000000000000000000000000000000000000000000000000000000000000000000000000000000000000000000000000000000000000000000000000000000
DEBUG:root:InodeNumber::InodeNumberToInode: inode_number 2 raw_block_number: 4 slice start: 32 end: 48
DEBUG:root:inode_slice: 00000000000000000000000000000000
DEBUG:root:FileName::AllocateDataBlock: 
DEBUG:root:DiskBlocks::Get: block number 2
0000000000000100000000000000000000000000000000000000000000000000000000000000000000000000000000000000000000000000000000000000000000000000000000000000000000000000000000000000000000000000000000000000000000000000000000000000000000000000000000000000000000000000
DEBUG:root:DiskBlocks::Get: block number 2
0000000000000100000000000000000000000000000000000000000000000000000000000000000000000000000000000000000000000000000000000000000000000000000000000000000000000000000000000000000000000000000000000000000000000000000000000000000000000000000000000000000000000000
DEBUG:root:DiskBLocks::Put: block number 2 len 128
0000000000000101000000000000000000000000000000000000000000000000000000000000000000000000000000000000000000000000000000000000000000000000000000000000000000000000000000000000000000000000000000000000000000000000000000000000000000000000000000000000000000000000
DEBUG:root:FileName::AllocateDataBlock: allocated 7
DEBUG:root:InodeNumber::StoreInode: 2
DEBUG:root:InodeNumber::StoreInode: inode_table_raw_block_number 4
DEBUG:root:DiskBlocks::Get: block number 4
0000002000020002000000060000000000000000000100010000000000000000000000000000000000000000000000000000000000000000000000000000000000000000000000000000000000000000000000000000000000000000000000000000000000000000000000000000000000000000000000000000000000000000
DEBUG:root:InodeNumber::StoreInode: inode_table_raw_block:
0000002000020002000000060000000000000000000100010000000000000000000000000000000000000000000000000000000000000000000000000000000000000000000000000000000000000000000000000000000000000000000000000000000000000000000000000000000000000000000000000000000000000000
DEBUG:root:InodeNumber::StoreInode: start: 32, end: 48
DEBUG:root:InodeNumber::StoreInode: tempblock:
0000002000020002000000060000000000000000000100010000000000000000000000020001000100000007000000000000000000000000000000000000000000000000000000000000000000000000000000000000000000000000000000000000000000000000000000000000000000000000000000000000000000000000
DEBUG:root:DiskBLocks::Put: block number 4 len 128
0000002000020002000000060000000000000000000100010000000000000000000000020001000100000007000000000000000000000000000000000000000000000000000000000000000000000000000000000000000000000000000000000000000000000000000000000000000000000000000000000000000000000000
DEBUG:root:FileOperations::Write: file_inode_number: 2, offset: 0, len(data): 2
DEBUG:root:InodeNumber::InodeNumberToInode: 2
DEBUG:root:DiskBlocks::Get: block number 4
0000002000020002000000060000000000000000000100010000000000000000000000020001000100000007000000000000000000000000000000000000000000000000000000000000000000000000000000000000000000000000000000000000000000000000000000000000000000000000000000000000000000000000
DEBUG:root:InodeNumber::InodeNumberToInode: inode_number 2 raw_block_number: 4 slice start: 32 end: 48
DEBUG:root:inode_slice: 00000002000100010000000700000000
DEBUG:root:FileOperations::Write: current_block_index: 0 , next_block_boundary: 128
DEBUG:root:FileOperations::Write: write_start: 0 , write_end: 2
DEBUG:root:DiskBlocks::Get: block number 7
0000000000000000000000000000000000000000000000000000000000000000000000000000000000000000000000000000000000000000000000000000000000000000000000000000000000000000000000000000000000000000000000000000000000000000000000000000000000000000000000000000000000000000
DEBUG:root:DiskBLocks::Put: block number 7 len 128
6631000000000000000000000000000000000000000000000000000000000000000000000000000000000000000000000000000000000000000000000000000000000000000000000000000000000000000000000000000000000000000000000000000000000000000000000000000000000000000000000000000000000000
DEBUG:root:FileOperations::Write: current_offset: 2 , bytes_written: 2 , len(data): 2
DEBUG:root:InodeNumber::StoreInode: 2
DEBUG:root:InodeNumber::StoreInode: inode_table_raw_block_number 4
DEBUG:root:DiskBlocks::Get: block number 4
0000002000020002000000060000000000000000000100010000000000000000000000020001000100000007000000000000000000000000000000000000000000000000000000000000000000000000000000000000000000000000000000000000000000000000000000000000000000000000000000000000000000000000
DEBUG:root:InodeNumber::StoreInode: inode_table_raw_block:
0000002000020002000000060000000000000000000100010000000000000000000000020001000100000007000000000000000000000000000000000000000000000000000000000000000000000000000000000000000000000000000000000000000000000000000000000000000000000000000000000000000000000000
DEBUG:root:InodeNumber::StoreInode: start: 32, end: 48
DEBUG:root:InodeNumber::StoreInode: tempblock:
0000002000020002000000060000000000000000000100010000000000000000000000020001000100000007000000000000000000000000000000000000000000000000000000000000000000000000000000000000000000000000000000000000000000000000000000000000000000000000000000000000000000000000
DEBUG:root:DiskBLocks::Put: block number 4 len 128
0000002000020002000000060000000000000000000100010000000000000000000000020001000100000007000000000000000000000000000000000000000000000000000000000000000000000000000000000000000000000000000000000000000000000000000000000000000000000000000000000000000000000000
DEBUG:root:InodeNumber::StoreInode: 2
DEBUG:root:InodeNumber::StoreInode: inode_table_raw_block_number 4
DEBUG:root:DiskBlocks::Get: block number 4
0000002000020002000000060000000000000000000100010000000000000000000000020001000100000007000000000000000000000000000000000000000000000000000000000000000000000000000000000000000000000000000000000000000000000000000000000000000000000000000000000000000000000000
DEBUG:root:InodeNumber::StoreInode: inode_table_raw_block:
0000002000020002000000060000000000000000000100010000000000000000000000020001000100000007000000000000000000000000000000000000000000000000000000000000000000000000000000000000000000000000000000000000000000000000000000000000000000000000000000000000000000000000
DEBUG:root:InodeNumber::StoreInode: start: 32, end: 48
DEBUG:root:InodeNumber::StoreInode: tempblock:
0000002000020002000000060000000000000000000100010000000000000000000000020003000100000007000000000000000000000000000000000000000000000000000000000000000000000000000000000000000000000000000000000000000000000000000000000000000000000000000000000000000000000000
DEBUG:root:DiskBLocks::Put: block number 4 len 128
0000002000020002000000060000000000000000000100010000000000000000000000020003000100000007000000000000000000000000000000000000000000000000000000000000000000000000000000000000000000000000000000000000000000000000000000000000000000000000000000000000000000000000
DEBUG:root:FileName::InsertFilenameInodeNumber: f2, 2
DEBUG:root:DiskBlocks::Get: block number 6
2e00000000000000000000000000000066310000000000000000000000000001000000000000000000000000000000000000000000000000000000000000000000000000000000000000000000000000000000000000000000000000000000000000000000000000000000000000000000000000000000000000000000000000
DEBUG:root:FileName::InsertFilenameInodeNumber: block read 
2e00000000000000000000000000000066310000000000000000000000000001000000000000000000000000000000000000000000000000000000000000000000000000000000000000000000000000000000000000000000000000000000000000000000000000000000000000000000000000000000000000000000000000
DEBUG:root:FileName::InsertFilenameInodeNumber: string_start 32, string_end 44
DEBUG:root:FileName::InsertFilenameInodeNumber: inode_start 44, inode_end 48
DEBUG:root:DiskBLocks::Put: block number 6 len 128
2e00000000000000000000000000000066310000000000000000000000000001663200000000000000000000000000020000000000000000000000000000000000000000000000000000000000000000000000000000000000000000000000000000000000000000000000000000000000000000000000000000000000000000
DEBUG:root:FileName::InsertFilenameInodeNumber: insert_to.inode.size 32
DEBUG:root:InodeNumber::StoreInode: 0
DEBUG:root:InodeNumber::StoreInode: inode_table_raw_block_number 4
DEBUG:root:DiskBlocks::Get: block number 4
0000002000020002000000060000000000000000000100010000000000000000000000020003000100000007000000000000000000000000000000000000000000000000000000000000000000000000000000000000000000000000000000000000000000000000000000000000000000000000000000000000000000000000
DEBUG:root:InodeNumber::StoreInode: inode_table_raw_block:
0000002000020002000000060000000000000000000100010000000000000000000000020003000100000007000000000000000000000000000000000000000000000000000000000000000000000000000000000000000000000000000000000000000000000000000000000000000000000000000000000000000000000000
DEBUG:root:InodeNumber::StoreInode: start: 0, end: 16
DEBUG:root:InodeNumber::StoreInode: tempblock:
0000003000020002000000060000000000000000000100010000000000000000000000020003000100000007000000000000000000000000000000000000000000000000000000000000000000000000000000000000000000000000000000000000000000000000000000000000000000000000000000000000000000000000
DEBUG:root:DiskBLocks::Put: block number 4 len 128
0000003000020002000000060000000000000000000100010000000000000000000000020003000100000007000000000000000000000000000000000000000000000000000000000000000000000000000000000000000000000000000000000000000000000000000000000000000000000000000000000000000000000000
DEBUG:root:InodeNumber::StoreInode: 0
DEBUG:root:InodeNumber::StoreInode: inode_table_raw_block_number 4
DEBUG:root:DiskBlocks::Get: block number 4
0000003000020002000000060000000000000000000100010000000000000000000000020003000100000007000000000000000000000000000000000000000000000000000000000000000000000000000000000000000000000000000000000000000000000000000000000000000000000000000000000000000000000000
DEBUG:root:InodeNumber::StoreInode: inode_table_raw_block:
0000003000020002000000060000000000000000000100010000000000000000000000020003000100000007000000000000000000000000000000000000000000000000000000000000000000000000000000000000000000000000000000000000000000000000000000000000000000000000000000000000000000000000
DEBUG:root:InodeNumber::StoreInode: start: 0, end: 16
DEBUG:root:InodeNumber::StoreInode: tempblock:
0000003000020003000000060000000000000000000100010000000000000000000000020003000100000007000000000000000000000000000000000000000000000000000000000000000000000000000000000000000000000000000000000000000000000000000000000000000000000000000000000000000000000000
DEBUG:root:DiskBLocks::Put: block number 4 len 128
0000003000020003000000060000000000000000000100010000000000000000000000020003000100000007000000000000000000000000000000000000000000000000000000000000000000000000000000000000000000000000000000000000000000000000000000000000000000000000000000000000000000000000
DEBUG:root:InodeNumber::InodeNumberToInode: 0
DEBUG:root:DiskBlocks::Get: block number 4
0000003000020003000000060000000000000000000100010000000000000000000000020003000100000007000000000000000000000000000000000000000000000000000000000000000000000000000000000000000000000000000000000000000000000000000000000000000000000000000000000000000000000000
DEBUG:root:InodeNumber::InodeNumberToInode: inode_number 0 raw_block_number: 4 slice start: 0 end: 16
DEBUG:root:inode_slice: 00000030000200030000000600000000
DEBUG:root:DiskBlocks::Get: block number 6
2e00000000000000000000000000000066310000000000000000000000000001663200000000000000000000000000020000000000000000000000000000000000000000000000000000000000000000000000000000000000000000000000000000000000000000000000000000000000000000000000000000000000000000
DEBUG:root:InodeNumber::InodeNumberToInode: 0
DEBUG:root:DiskBlocks::Get: block number 4
0000003000020003000000060000000000000000000100010000000000000000000000020003000100000007000000000000000000000000000000000000000000000000000000000000000000000000000000000000000000000000000000000000000000000000000000000000000000000000000000000000000000000000
DEBUG:root:InodeNumber::InodeNumberToInode: inode_number 0 raw_block_number: 4 slice start: 0 end: 16
DEBUG:root:inode_slice: 00000030000200030000000600000000
DEBUG:root:InodeNumber::InodeNumberToInode: 1
DEBUG:root:DiskBlocks::Get: block number 4
0000003000020003000000060000000000000000000100010000000000000000000000020003000100000007000000000000000000000000000000000000000000000000000000000000000000000000000000000000000000000000000000000000000000000000000000000000000000000000000000000000000000000000
DEBUG:root:InodeNumber::InodeNumberToInode: inode_number 1 raw_block_number: 4 slice start: 16 end: 32
DEBUG:root:inode_slice: 00000000000100010000000000000000
DEBUG:root:InodeNumber::InodeNumberToInode: 2
DEBUG:root:DiskBlocks::Get: block number 4
0000003000020003000000060000000000000000000100010000000000000000000000020003000100000007000000000000000000000000000000000000000000000000000000000000000000000000000000000000000000000000000000000000000000000000000000000000000000000000000000000000000000000000
DEBUG:root:InodeNumber::InodeNumberToInode: inode_number 2 raw_block_number: 4 slice start: 32 end: 48
DEBUG:root:inode_slice: 00000002000300010000000700000000
DEBUG:root:DiskBlocks::Get: block number 7
6631000000000000000000000000000000000000000000000000000000000000000000000000000000000000000000000000000000000000000000000000000000000000000000000000000000000000000000000000000000000000000000000000000000000000000000000000000000000000000000000000000000000000
DEBUG:root:FileOperations::Unlink: dir: 0, name: f2
DEBUG:root:InodeNumber::InodeNumberToInode: 0
DEBUG:root:DiskBlocks::Get: block number 4
0000003000020003000000060000000000000000000100010000000000000000000000020003000100000007000000000000000000000000000000000000000000000000000000000000000000000000000000000000000000000000000000000000000000000000000000000000000000000000000000000000000000000000
DEBUG:root:InodeNumber::InodeNumberToInode: inode_number 0 raw_block_number: 4 slice start: 0 end: 16
DEBUG:root:inode_slice: 00000030000200030000000600000000
DEBUG:root:FileName::Lookup: f2, 0
DEBUG:root:InodeNumber::InodeNumberToInode: 0
DEBUG:root:DiskBlocks::Get: block number 4
0000003000020003000000060000000000000000000100010000000000000000000000020003000100000007000000000000000000000000000000000000000000000000000000000000000000000000000000000000000000000000000000000000000000000000000000000000000000000000000000000000000000000000
DEBUG:root:InodeNumber::InodeNumberToInode: inode_number 0 raw_block_number: 4 slice start: 0 end: 16
DEBUG:root:inode_slice: 00000030000200030000000600000000
DEBUG:root:InodeNumber::InodeNumberToBlock: 0
DEBUG:root:InodeNumber::InodeNumberToInode: 0
DEBUG:root:DiskBlocks::Get: block number 4
0000003000020003000000060000000000000000000100010000000000000000000000020003000100000007000000000000000000000000000000000000000000000000000000000000000000000000000000000000000000000000000000000000000000000000000000000000000000000000000000000000000000000000
DEBUG:root:InodeNumber::InodeNumberToInode: inode_number 0 raw_block_number: 4 slice start: 0 end: 16
DEBUG:root:inode_slice: 00000030000200030000000600000000
DEBUG:root:DiskBlocks::Get: block number 6
2e00000000000000000000000000000066310000000000000000000000000001663200000000000000000000000000020000000000000000000000000000000000000000000000000000000000000000000000000000000000000000000000000000000000000000000000000000000000000000000000000000000000000000
DEBUG:root:FileName::HelperGetFilenameString: 2e00000000000000000000000000000066310000000000000000000000000001663200000000000000000000000000020000000000000000000000000000000000000000000000000000000000000000000000000000000000000000000000000000000000000000000000000000000000000000000000000000000000000000, 0
DEBUG:root:FileName::Lookup for f2 in 0: searching string bytearray(b'.\x00\x00\x00\x00\x00\x00\x00\x00\x00\x00\x00')
DEBUG:root:FileName::HelperGetFilenameString: 2e00000000000000000000000000000066310000000000000000000000000001663200000000000000000000000000020000000000000000000000000000000000000000000000000000000000000000000000000000000000000000000000000000000000000000000000000000000000000000000000000000000000000000, 1
DEBUG:root:FileName::Lookup for f2 in 0: searching string bytearray(b'f1\x00\x00\x00\x00\x00\x00\x00\x00\x00\x00')
DEBUG:root:FileName::HelperGetFilenameString: 2e00000000000000000000000000000066310000000000000000000000000001663200000000000000000000000000020000000000000000000000000000000000000000000000000000000000000000000000000000000000000000000000000000000000000000000000000000000000000000000000000000000000000000, 2
DEBUG:root:FileName::Lookup for f2 in 0: searching string bytearray(b'f2\x00\x00\x00\x00\x00\x00\x00\x00\x00\x00')
DEBUG:root:FileName::HelperGetFilenameInodeNumber: 2e00000000000000000000000000000066310000000000000000000000000001663200000000000000000000000000020000000000000000000000000000000000000000000000000000000000000000000000000000000000000000000000000000000000000000000000000000000000000000000000000000000000000000, 2
DEBUG:root:FileName::Lookup successful: 2
DEBUG:root:InodeNumber::InodeNumberToInode: 2
DEBUG:root:DiskBlocks::Get: block number 4
0000003000020003000000060000000000000000000100010000000000000000000000020003000100000007000000000000000000000000000000000000000000000000000000000000000000000000000000000000000000000000000000000000000000000000000000000000000000000000000000000000000000000000
DEBUG:root:InodeNumber::InodeNumberToInode: inode_number 2 raw_block_number: 4 slice start: 32 end: 48
DEBUG:root:inode_slice: 00000002000300010000000700000000
DEBUG:root:ERROR_UNLINK_NOT_FILE f2
DEBUG:root:InodeNumber::InodeNumberToInode: 0
DEBUG:root:DiskBlocks::Get: block number 4
0000003000020003000000060000000000000000000100010000000000000000000000020003000100000007000000000000000000000000000000000000000000000000000000000000000000000000000000000000000000000000000000000000000000000000000000000000000000000000000000000000000000000000
DEBUG:root:InodeNumber::InodeNumberToInode: inode_number 0 raw_block_number: 4 slice start: 0 end: 16
DEBUG:root:inode_slice: 00000030000200030000000600000000
DEBUG:root:DiskBlocks::Get: block number 6
2e00000000000000000000000000000066310000000000000000000000000001663200000000000000000000000000020000000000000000000000000000000000000000000000000000000000000000000000000000000000000000000000000000000000000000000000000000000000000000000000000000000000000000
DEBUG:root:InodeNumber::InodeNumberToInode: 0
DEBUG:root:DiskBlocks::Get: block number 4
0000003000020003000000060000000000000000000100010000000000000000000000020003000100000007000000000000000000000000000000000000000000000000000000000000000000000000000000000000000000000000000000000000000000000000000000000000000000000000000000000000000000000000
DEBUG:root:InodeNumber::InodeNumberToInode: inode_number 0 raw_block_number: 4 slice start: 0 end: 16
DEBUG:root:inode_slice: 00000030000200030000000600000000
DEBUG:root:InodeNumber::InodeNumberToInode: 1
DEBUG:root:DiskBlocks::Get: block number 4
0000003000020003000000060000000000000000000100010000000000000000000000020003000100000007000000000000000000000000000000000000000000000000000000000000000000000000000000000000000000000000000000000000000000000000000000000000000000000000000000000000000000000000
DEBUG:root:InodeNumber::InodeNumberToInode: inode_number 1 raw_block_number: 4 slice start: 16 end: 32
DEBUG:root:inode_slice: 00000000000100010000000000000000
DEBUG:root:InodeNumber::InodeNumberToInode: 2
DEBUG:root:DiskBlocks::Get: block number 4
0000003000020003000000060000000000000000000100010000000000000000000000020003000100000007000000000000000000000000000000000000000000000000000000000000000000000000000000000000000000000000000000000000000000000000000000000000000000000000000000000000000000000000
DEBUG:root:InodeNumber::InodeNumberToInode: inode_number 2 raw_block_number: 4 slice start: 32 end: 48
DEBUG:root:inode_slice: 00000002000300010000000700000000
DEBUG:root:DiskBlocks::Get: block number 7
6631000000000000000000000000000000000000000000000000000000000000000000000000000000000000000000000000000000000000000000000000000000000000000000000000000000000000000000000000000000000000000000000000000000000000000000000000000000000000000000000000000000000000
DEBUG:root:EXIT
